# JRE version: Java(TM) SE Runtime Environment (8.0_291-b10) (build 1.8.0_291-b10)
# Java VM: Java HotSpot(TM) 64-Bit Server VM (25.291-b10 mixed mode windows-amd64 compressed oops)
Heap:
 PSYoungGen      total 143360K, used 33997K [0x000000076b580000, 0x000000077b600000, 0x00000007c0000000)
  eden space 37376K, 90% used [0x000000076b580000,0x000000076d6b3680,0x000000076da00000)
  from space 105984K, 0% used [0x0000000774e80000,0x0000000774e80000,0x000000077b600000)
  to   space 112640K, 0% used [0x000000076da00000,0x000000076da00000,0x0000000774800000)
 ParOldGen       total 689664K, used 682533K [0x00000006c2000000, 0x00000006ec180000, 0x000000076b580000)
  object space 689664K, 98% used [0x00000006c2000000,0x00000006eba89550,0x00000006ec180000)
 Metaspace       used 9332K, capacity 9666K, committed 9984K, reserved 1058816K
  class space    used 1071K, capacity 1162K, committed 1280K, reserved 1048576K
GC Heap History (10 events):
Event: 73.632 GC heap before
{Heap before GC invocations=17 (full 4):
 PSYoungGen      total 156160K, used 66900K [0x000000076b580000, 0x000000077cb00000, 0x00000007c0000000)
  eden space 38400K, 88% used [0x000000076b580000,0x000000076d6ad1e8,0x000000076db00000)
  from space 117760K, 27% used [0x0000000775800000,0x0000000777828040,0x000000077cb00000)
  to   space 122880K, 0% used [0x000000076db00000,0x000000076db00000,0x0000000775300000)
 ParOldGen       total 637440K, used 526920K [0x00000006c2000000, 0x00000006e8e80000, 0x000000076b580000)
  object space 637440K, 82% used [0x00000006c2000000,0x00000006e2292338,0x00000006e8e80000)
 Metaspace       used 9322K, capacity 9666K, committed 9984K, reserved 1058816K
  class space    used 1071K, capacity 1162K, committed 1280K, reserved 1048576K
Event: 73.644 GC heap after
Heap after GC invocations=17 (full 4):
 PSYoungGen      total 71168K, used 32800K [0x000000076b580000, 0x000000077c280000, 0x00000007c0000000)
  eden space 37888K, 0% used [0x000000076b580000,0x000000076b580000,0x000000076da80000)
  from space 33280K, 98% used [0x000000076db00000,0x000000076fb08040,0x000000076fb80000)
  to   space 118784K, 0% used [0x0000000774e80000,0x0000000774e80000,0x000000077c280000)
 ParOldGen       total 637440K, used 559720K [0x00000006c2000000, 0x00000006e8e80000, 0x000000076b580000)
  object space 637440K, 87% used [0x00000006c2000000,0x00000006e429a378,0x00000006e8e80000)
 Metaspace       used 9322K, capacity 9666K, committed 9984K, reserved 1058816K
  class space    used 1071K, capacity 1162K, committed 1280K, reserved 1048576K
}
Event: 77.646 GC heap before
{Heap before GC invocations=18 (full 4):
 PSYoungGen      total 71168K, used 66764K [0x000000076b580000, 0x000000077c280000, 0x00000007c0000000)
  eden space 37888K, 89% used [0x000000076b580000,0x000000076d6ab098,0x000000076da80000)
  from space 33280K, 98% used [0x000000076db00000,0x000000076fb08040,0x000000076fb80000)
  to   space 118784K, 0% used [0x0000000774e80000,0x0000000774e80000,0x000000077c280000)
 ParOldGen       total 637440K, used 559720K [0x00000006c2000000, 0x00000006e8e80000, 0x000000076b580000)
  object space 637440K, 87% used [0x00000006c2000000,0x00000006e429a378,0x00000006e8e80000)
 Metaspace       used 9323K, capacity 9666K, committed 9984K, reserved 1058816K
  class space    used 1071K, capacity 1162K, committed 1280K, reserved 1048576K
Event: 77.661 GC heap after
Heap after GC invocations=18 (full 4):
 PSYoungGen      total 143360K, used 41024K [0x000000076b580000, 0x000000077b600000, 0x00000007c0000000)
  eden space 37376K, 0% used [0x000000076b580000,0x000000076b580000,0x000000076da00000)
  from space 105984K, 38% used [0x0000000774e80000,0x0000000777690050,0x000000077b600000)
  to   space 112640K, 0% used [0x000000076da00000,0x000000076da00000,0x0000000774800000)
 ParOldGen       total 637440K, used 625272K [0x00000006c2000000, 0x00000006e8e80000, 0x000000076b580000)
  object space 637440K, 98% used [0x00000006c2000000,0x00000006e829e3f8,0x00000006e8e80000)
 Metaspace       used 9323K, capacity 9666K, committed 9984K, reserved 1058816K
  class space    used 1071K, capacity 1162K, committed 1280K, reserved 1048576K
}
Event: 77.661 GC heap before
{Heap before GC invocations=19 (full 5):
 PSYoungGen      total 143360K, used 41024K [0x000000076b580000, 0x000000077b600000, 0x00000007c0000000)
  eden space 37376K, 0% used [0x000000076b580000,0x000000076b580000,0x000000076da00000)
  from space 105984K, 38% used [0x0000000774e80000,0x0000000777690050,0x000000077b600000)
  to   space 112640K, 0% used [0x000000076da00000,0x000000076da00000,0x0000000774800000)
 ParOldGen       total 637440K, used 625272K [0x00000006c2000000, 0x00000006e8e80000, 0x000000076b580000)
  object space 637440K, 98% used [0x00000006c2000000,0x00000006e829e3f8,0x00000006e8e80000)
 Metaspace       used 9323K, capacity 9666K, committed 9984K, reserved 1058816K
  class space    used 1071K, capacity 1162K, committed 1280K, reserved 1048576K
Event: 77.673 GC heap after
Heap after GC invocations=19 (full 5):
 PSYoungGen      total 143360K, used 0K [0x000000076b580000, 0x000000077b600000, 0x00000007c0000000)
  eden space 37376K, 0% used [0x000000076b580000,0x000000076b580000,0x000000076da00000)
  from space 105984K, 0% used [0x0000000774e80000,0x0000000774e80000,0x000000077b600000)
  to   space 112640K, 0% used [0x000000076da00000,0x000000076da00000,0x0000000774800000)
 ParOldGen       total 637440K, used 625265K [0x00000006c2000000, 0x00000006e8e80000, 0x000000076b580000)
  object space 637440K, 98% used [0x00000006c2000000,0x00000006e829c640,0x00000006e8e80000)
 Metaspace       used 9323K, capacity 9666K, committed 9984K, reserved 1058816K
  class space    used 1071K, capacity 1162K, committed 1280K, reserved 1048576K
}
Event: 81.675 GC heap before
{Heap before GC invocations=20 (full 6):
 PSYoungGen      total 143360K, used 33957K [0x000000076b580000, 0x000000077b600000, 0x00000007c0000000)
  eden space 37376K, 90% used [0x000000076b580000,0x000000076d6a9780,0x000000076da00000)
  from space 105984K, 0% used [0x0000000774e80000,0x0000000774e80000,0x000000077b600000)
  to   space 112640K, 0% used [0x000000076da00000,0x000000076da00000,0x0000000774800000)
 ParOldGen       total 637440K, used 625265K [0x00000006c2000000, 0x00000006e8e80000, 0x000000076b580000)
  object space 637440K, 98% used [0x00000006c2000000,0x00000006e829c640,0x00000006e8e80000)
 Metaspace       used 9323K, capacity 9666K, committed 9984K, reserved 1058816K
  class space    used 1071K, capacity 1162K, committed 1280K, reserved 1048576K
Event: 81.748 GC heap after
Heap after GC invocations=20 (full 6):
 PSYoungGen      total 143360K, used 24576K [0x000000076b580000, 0x000000077b600000, 0x00000007c0000000)
  eden space 37376K, 65% used [0x000000076b580000,0x000000076cd80030,0x000000076da00000)
  from space 105984K, 0% used [0x0000000774e80000,0x0000000774e80000,0x000000077b600000)
  to   space 112640K, 0% used [0x000000076da00000,0x000000076da00000,0x0000000774800000)
 ParOldGen       total 637440K, used 633381K [0x00000006c2000000, 0x00000006e8e80000, 0x000000076b580000)
  object space 637440K, 99% used [0x00000006c2000000,0x00000006e8a894f0,0x00000006e8e80000)
 Metaspace       used 9323K, capacity 9666K, committed 9984K, reserved 1058816K
  class space    used 1071K, capacity 1162K, committed 1280K, reserved 1048576K
}
Event: 82.748 GC heap before
{Heap before GC invocations=21 (full 7):
 PSYoungGen      total 143360K, used 33608K [0x000000076b580000, 0x000000077b600000, 0x00000007c0000000)
  eden space 37376K, 89% used [0x000000076b580000,0x000000076d652308,0x000000076da00000)
  from space 105984K, 0% used [0x0000000774e80000,0x0000000774e80000,0x000000077b600000)
  to   space 112640K, 0% used [0x000000076da00000,0x000000076da00000,0x0000000774800000)
 ParOldGen       total 637440K, used 633381K [0x00000006c2000000, 0x00000006e8e80000, 0x000000076b580000)
  object space 637440K, 99% used [0x00000006c2000000,0x00000006e8a894f0,0x00000006e8e80000)
 Metaspace       used 9326K, capacity 9666K, committed 9984K, reserved 1058816K
  class space    used 1071K, capacity 1162K, committed 1280K, reserved 1048576K
Event: 82.757 GC heap after
Heap after GC invocations=21 (full 7):
 PSYoungGen      total 143360K, used 32768K [0x000000076b580000, 0x000000077b600000, 0x00000007c0000000)
  eden space 37376K, 87% used [0x000000076b580000,0x000000076d5800e0,0x000000076da00000)
  from space 105984K, 0% used [0x0000000774e80000,0x0000000774e80000,0x000000077b600000)
  to   space 112640K, 0% used [0x000000076da00000,0x000000076da00000,0x0000000774800000)
 ParOldGen       total 637440K, used 633381K [0x00000006c2000000, 0x00000006e8e80000, 0x000000076b580000)
  object space 637440K, 99% used [0x00000006c2000000,0x00000006e8a894f0,0x00000006e8e80000)
 Metaspace       used 9326K, capacity 9666K, committed 9984K, reserved 1058816K
  class space    used 1071K, capacity 1162K, committed 1280K, reserved 1048576K
}

